<?xml version="1.0" encoding="UTF-8"?>
<!-- Generated by org.testng.reporters.JUnitXMLReporter -->
<testsuite ignored="0" hostname="DESKTOP-K4N0MPQ" failures="0" tests="3" name="chrome" time="19.588" errors="0" timestamp="2026-03-01T16:57:40 IST">
  <testcase classname="com.TestNGFramework.Nykaa" name="bag" time="3.149"/>
  <testcase classname="com.TestNGFramework.Nykaa" name="category" time="4.392"/>
  <testcase classname="com.TestNGFramework.Nykaa" name="search" time="5.126"/>
</testsuite> <!-- chrome -->
