<?xml version="1.0" encoding="UTF-8"?>
<!-- Generated by org.testng.reporters.JUnitXMLReporter -->
<testsuite ignored="0" hostname="DESKTOP-K4N0MPQ" failures="0" tests="3" name="edge" time="20.003" errors="0" timestamp="2026-03-01T16:58:27 IST">
  <testcase classname="com.TestNGFramework.Nykaa" name="bag" time="3.274"/>
  <testcase classname="com.TestNGFramework.Nykaa" name="category" time="4.443"/>
  <testcase classname="com.TestNGFramework.Nykaa" name="search" time="5.095"/>
</testsuite> <!-- edge -->
