<?xml version="1.0" encoding="UTF-8"?>
<!-- Generated by org.testng.reporters.JUnitXMLReporter -->
<testsuite ignored="0" hostname="DESKTOP-K4N0MPQ" failures="0" tests="3" name="firefox" time="26.62" errors="0" timestamp="2026-03-01T16:58:07 IST">
  <testcase classname="com.TestNGFramework.Nykaa" name="bag" time="2.849"/>
  <testcase classname="com.TestNGFramework.Nykaa" name="category" time="4.278"/>
  <testcase classname="com.TestNGFramework.Nykaa" name="search" time="4.293"/>
</testsuite> <!-- firefox -->
