<?xml version="1.0" encoding="UTF-8"?>
<!-- Generated by org.testng.reporters.JUnitReportReporter -->
<testsuite hostname="DESKTOP-K4N0MPQ" failures="0" tests="3" name="com.TestNGFramework.AnnotationDemo" time="0.015" errors="0" timestamp="2026-03-27T15:53:41 IST" skipped="0">
  <testcase classname="com.TestNGFramework.AnnotationDemo" name="cond3" time="0.003"/>
  <testcase classname="com.TestNGFramework.AnnotationDemo" name="cond2" time="0.002"/>
  <testcase classname="com.TestNGFramework.AnnotationDemo" name="cond1" time="0.010"/>
</testsuite> <!-- com.TestNGFramework.AnnotationDemo -->
