<?xml version="1.0" encoding="UTF-8"?>
<!-- Generated by org.testng.reporters.JUnitReportReporter -->
<testsuite hostname="DESKTOP-K4N0MPQ" failures="0" tests="3" name="com.TestNGFramework.TestNGDemo" time="11.579" errors="0" timestamp="2026-03-24T16:35:33 IST" skipped="0">
  <testcase classname="com.TestNGFramework.TestNGDemo" name="snapdeal" time="5.062"/>
  <testcase classname="com.TestNGFramework.TestNGDemo" name="flipkrat" time="3.226"/>
  <testcase classname="com.TestNGFramework.TestNGDemo" name="flipkrat" time="3.291"/>
</testsuite> <!-- com.TestNGFramework.TestNGDemo -->
