<?xml version="1.0" encoding="UTF-8"?>
<!-- Generated by org.testng.reporters.JUnitReportReporter -->
<testsuite hostname="DESKTOP-K4N0MPQ" failures="0" tests="4" name="com.TestNGFramework.Ebay" time="63.004" errors="0" timestamp="2026-03-08T17:22:54 IST" skipped="0">
  <testcase classname="com.TestNGFramework.Ebay" name="searchanproduct" time="18.076"/>
  <testcase classname="com.TestNGFramework.Ebay" name="searchanproduct" time="15.428"/>
  <testcase classname="com.TestNGFramework.Ebay" name="searchanproduct" time="13.312"/>
  <testcase classname="com.TestNGFramework.Ebay" name="searchanproduct" time="16.188"/>
</testsuite> <!-- com.TestNGFramework.Ebay -->
