<?xml version="1.0" encoding="UTF-8"?>
<!-- Generated by org.testng.reporters.JUnitReportReporter -->
<testsuite hostname="DESKTOP-K4N0MPQ" failures="0" tests="3" name="com.CucumberRunner.Runner" time="84.276" errors="0" timestamp="2026-03-29T17:30:00 IST" skipped="0">
  <testcase classname="com.CucumberRunner.Runner" name="runScenario" time="25.942"/>
  <testcase classname="com.CucumberRunner.Runner" name="runScenario" time="31.082"/>
  <testcase classname="com.CucumberRunner.Runner" name="runScenario" time="27.252"/>
</testsuite> <!-- com.CucumberRunner.Runner -->
